2026-01-11 01:37:24 - event - INFO - 列表頁面發現 25 個活動
2026-01-11 01:37:29 - event - INFO - ============================================================
2026-01-11 01:37:29 - event - INFO - 開始運行 event 爬蟲
2026-01-11 01:37:29 - event - INFO - ============================================================
2026-01-11 01:37:29 - event - INFO - 正在處理: https://info.51.ca/events
2026-01-11 01:37:29 - event - INFO - 列表頁面發現 25 個活動
2026-01-11 01:37:31 - event - INFO - 正在處理: https://info.51.ca/events?page=2
2026-01-11 01:37:31 - event - INFO - 列表頁面發現 25 個活動
2026-01-11 01:37:32 - event - INFO - 正在處理: https://info.51.ca/events?page=3
2026-01-11 01:37:32 - event - INFO - 列表頁面發現 25 個活動
2026-01-11 01:37:33 - event - INFO - 正在處理: https://info.51.ca/events/posts/1502713
2026-01-11 01:37:34 - event - INFO - 列表頁面發現 4 個活動
2026-01-11 01:37:35 - event - INFO - 正在處理: https://info.51.ca/events/posts/1502705
2026-01-11 01:37:35 - event - INFO - 列表頁面發現 2 個活動
2026-01-11 01:37:36 - event - INFO - ============================================================
2026-01-11 01:37:36 - event - INFO - 爬蟲運行統計:
2026-01-11 01:37:36 - event - INFO -   - 頁面爬取: 5
2026-01-11 01:37:36 - event - INFO -   - 項目保存: 0
2026-01-11 01:37:36 - event - INFO -   - 錯誤數量: 0
2026-01-11 01:37:36 - event - INFO -   - 運行時間: 6.91 秒
2026-01-11 01:37:36 - event - INFO - ============================================================
2026-01-11 01:38:05 - event - INFO - ============================================================
2026-01-11 01:38:05 - event - INFO - 開始運行 event 爬蟲
2026-01-11 01:38:05 - event - INFO - ============================================================
2026-01-11 01:38:05 - event - INFO - 正在處理: https://info.51.ca/events/posts/1502681
2026-01-11 01:38:05 - event - INFO - 保存活動: Winter Fun Guide冬日好去處...
2026-01-11 01:38:06 - event - INFO - 正在處理: https://info.51.ca/events/posts/1502672
2026-01-11 01:38:07 - event - INFO - 保存活動: Resume screening 網上小組工作坊...
2026-01-11 01:38:08 - event - INFO - 正在處理: https://info.51.ca/events/posts/1502671
2026-01-11 01:38:08 - event - INFO - 保存活動: 滑雪基礎 Winter Fun - Skiing/ Snow...
2026-01-11 01:38:09 - event - INFO - 正在處理: https://info.51.ca/events/posts/1501719
2026-01-11 01:38:10 - event - INFO - 保存活動: 長者社群生活資訊網上講座 (國)...
2026-01-11 01:38:11 - event - INFO - 正在處理: https://info.51.ca/events/posts/1499556
2026-01-11 01:38:11 - event - INFO - 保存活動: 重慶大學加拿大校友會2026馬年春節聚餐暨第十一屆春節聯歡晚...
2026-01-11 01:38:12 - event - INFO - 正在處理: https://info.51.ca/events/posts/1484564
2026-01-11 01:38:12 - event - INFO - 保存活動: 密市蜜虎匹克球俱樂部培養優秀的匹克球選手...
2026-01-11 01:38:14 - event - INFO - 正在處理: https://info.51.ca/events/posts/1484280
2026-01-11 01:38:14 - event - INFO - 保存活動: 免費牙齒護理服務...
2026-01-11 01:38:15 - event - INFO - 正在處理: https://info.51.ca/events/posts/1482668
2026-01-11 01:38:15 - event - INFO - 保存活動: Girls' Night Workshop on Jan. ...
2026-01-11 01:38:16 - event - INFO - 正在處理: https://info.51.ca/events/posts/1479208
2026-01-11 01:38:16 - event - INFO - 保存活動: 麻雀耍樂-康山政府社群中心活動...
2026-01-11 01:38:17 - event - INFO - 正在處理: https://info.51.ca/events/posts/1466731
2026-01-11 01:38:18 - event - INFO - 保存活動: Free Online Session for Newcom...
2026-01-11 01:38:19 - event - INFO - ============================================================
2026-01-11 01:38:19 - event - INFO - 爬蟲運行統計:
2026-01-11 01:38:19 - event - INFO -   - 頁面爬取: 10
2026-01-11 01:38:19 - event - INFO -   - 項目保存: 10
2026-01-11 01:38:19 - event - INFO -   - 錯誤數量: 0
2026-01-11 01:38:19 - event - INFO -   - 運行時間: 13.93 秒
2026-01-11 01:38:19 - event - INFO - ============================================================
2026-01-11 01:54:33 - house - INFO - ============================================================
2026-01-11 01:54:33 - house - INFO - 開始運行 house 爬蟲 (API 版)
2026-01-11 01:54:33 - house - INFO - ============================================================
2026-01-11 01:54:53 - house - INFO - ============================================================
2026-01-11 01:54:53 - house - INFO - 開始運行 house 爬蟲 (API 版)
2026-01-11 01:54:53 - house - INFO - ============================================================
2026-01-11 01:54:53 - house - INFO - 正在獲取買賣房屋...
2026-01-11 01:54:53 - house - ERROR - 頁面 1 請求失敗: 'HouseScraper' object has no attribute 'USER_AGENT'
2026-01-11 01:54:53 - house - ERROR - 頁面 2 請求失敗: 'HouseScraper' object has no attribute 'USER_AGENT'
2026-01-11 01:54:53 - house - INFO - 正在獲取出租房屋...
2026-01-11 01:54:53 - house - ERROR - 頁面 1 請求失敗: 'HouseScraper' object has no attribute 'USER_AGENT'
2026-01-11 01:54:53 - house - ERROR - 頁面 2 請求失敗: 'HouseScraper' object has no attribute 'USER_AGENT'
2026-01-11 01:54:53 - house - INFO - ============================================================
2026-01-11 01:54:53 - house - INFO - 爬蟲運行統計:
2026-01-11 01:54:53 - house - INFO -   - 項目保存: 0
2026-01-11 01:54:53 - house - INFO -   - 錯誤數量: 4
2026-01-11 01:54:53 - house - INFO -   - 運行時間: 0.00 秒
2026-01-11 01:54:53 - house - INFO - ============================================================
2026-01-11 01:55:12 - house - INFO - ============================================================
2026-01-11 01:55:12 - house - INFO - 開始運行 house 爬蟲 (API 版)
2026-01-11 01:55:12 - house - INFO - ============================================================
2026-01-11 01:55:12 - house - INFO - 正在獲取買賣房屋...
2026-01-11 01:55:13 - house - INFO - 頁面 1: 獲取 50 個房屋
2026-01-11 01:55:13 - house - ERROR - 頁面 1 請求失敗: 'HouseScraper' object has no attribute 'delay'
2026-01-11 01:55:15 - house - INFO - 頁面 2: 獲取 50 個房屋
2026-01-11 01:55:15 - house - ERROR - 頁面 2 請求失敗: 'HouseScraper' object has no attribute 'delay'
2026-01-11 01:55:15 - house - INFO - 正在獲取出租房屋...
2026-01-11 01:55:16 - house - INFO - 頁面 1: 獲取 50 個房屋
2026-01-11 01:55:16 - house - ERROR - 頁面 1 請求失敗: 'HouseScraper' object has no attribute 'delay'
2026-01-11 01:55:18 - house - INFO - 頁面 2: 獲取 50 個房屋
2026-01-11 01:55:18 - house - ERROR - 頁面 2 請求失敗: 'HouseScraper' object has no attribute 'delay'
2026-01-11 01:55:18 - house - INFO - ============================================================
2026-01-11 01:55:18 - house - INFO - 爬蟲運行統計:
2026-01-11 01:55:18 - house - INFO -   - 項目保存: 200
2026-01-11 01:55:18 - house - INFO -   - 錯誤數量: 4
2026-01-11 01:55:18 - house - INFO -   - 運行時間: 5.98 秒
2026-01-11 01:55:18 - house - INFO - ============================================================
2026-01-11 01:55:43 - house - INFO - ============================================================
2026-01-11 01:55:43 - house - INFO - 開始運行 house 爬蟲 (API 版)
2026-01-11 01:55:43 - house - INFO - ============================================================
2026-01-11 01:55:43 - house - INFO - 正在獲取買賣房屋...
2026-01-11 01:55:44 - house - INFO - 頁面 1: 獲取 50 個房屋
2026-01-11 01:55:46 - house - INFO - 頁面 2: 獲取 50 個房屋
2026-01-11 01:55:47 - house - INFO - 頁面 3: 獲取 50 個房屋
2026-01-11 01:55:49 - house - INFO - 頁面 4: 獲取 50 個房屋
2026-01-11 01:55:51 - house - INFO - 頁面 5: 獲取 50 個房屋
2026-01-11 01:55:51 - house - INFO - 正在獲取出租房屋...
2026-01-11 01:55:53 - house - INFO - 頁面 1: 獲取 50 個房屋
2026-01-11 01:55:54 - house - INFO - 頁面 2: 獲取 50 個房屋
2026-01-11 01:55:56 - house - INFO - 頁面 3: 獲取 50 個房屋
2026-01-11 01:55:58 - house - INFO - 頁面 4: 獲取 50 個房屋
2026-01-11 01:55:59 - house - INFO - 頁面 5: 獲取 50 個房屋
2026-01-11 01:56:00 - house - INFO - ============================================================
2026-01-11 01:56:00 - house - INFO - 爬蟲運行統計:
2026-01-11 01:56:00 - house - INFO -   - 項目保存: 500
2026-01-11 01:56:00 - house - INFO -   - 錯誤數量: 0
2026-01-11 01:56:00 - house - INFO -   - 運行時間: 16.91 秒
2026-01-11 01:56:00 - house - INFO - ============================================================
2026-01-11 02:24:37 - house - INFO - ============================================================
2026-01-11 02:24:37 - house - INFO - 開始更新房屋詳情 (最多 5 條)
2026-01-11 02:24:37 - house - INFO - ============================================================
2026-01-11 02:24:37 - house - INFO - 找到 5 條需要更新的房屋
2026-01-11 02:24:56 - house - INFO - ============================================================
2026-01-11 02:24:56 - house - INFO - 開始更新房屋詳情 (最多 5 條)
2026-01-11 02:24:56 - house - INFO - ============================================================
2026-01-11 02:24:56 - house - INFO - 找到 5 條需要更新的房屋
2026-01-11 02:25:00 - house - INFO - ============================================================
2026-01-11 02:25:00 - house - INFO - 更新完成: 成功 5, 失敗 0
2026-01-11 02:25:00 - house - INFO - ============================================================
2026-01-11 02:25:22 - house - INFO - ============================================================
2026-01-11 02:25:22 - house - INFO - 開始更新房屋詳情 (最多 50 條)
2026-01-11 02:25:22 - house - INFO - ============================================================
2026-01-11 02:25:22 - house - INFO - 找到 45 條需要更新的房屋
2026-01-11 02:26:36 - house - INFO - ============================================================
2026-01-11 02:26:36 - house - INFO - 更新完成: 成功 45, 失敗 0
2026-01-11 02:26:36 - house - INFO - ============================================================
2026-01-11 02:26:42 - house - INFO - ============================================================
2026-01-11 02:26:42 - house - INFO - 開始運行 house 爬蟲 (API 版)
2026-01-11 02:26:42 - house - INFO -   - 獲取詳情: 是
2026-01-11 02:26:42 - house - INFO - ============================================================
2026-01-11 02:26:42 - house - INFO - 正在獲取買賣房屋...
2026-01-11 02:27:09 - house - INFO - 頁面 1: 獲取 50 個房屋
2026-01-11 02:27:37 - house - INFO - 頁面 2: 獲取 50 個房屋
2026-01-11 02:28:04 - house - INFO - 頁面 3: 獲取 50 個房屋
2026-01-11 02:28:32 - house - INFO - 頁面 4: 獲取 50 個房屋
2026-01-11 02:29:00 - house - INFO - 頁面 5: 獲取 50 個房屋
2026-01-11 02:29:00 - house - INFO - 正在獲取出租房屋...
2026-01-11 02:29:28 - house - INFO - 頁面 1: 獲取 50 個房屋
2026-01-11 02:29:56 - house - INFO - 頁面 2: 獲取 50 個房屋
2026-01-11 02:30:25 - house - INFO - 頁面 3: 獲取 50 個房屋
2026-01-11 02:30:53 - house - INFO - 頁面 4: 獲取 50 個房屋
2026-01-11 02:31:22 - house - INFO - 頁面 5: 獲取 50 個房屋
2026-01-11 02:31:22 - house - INFO - ============================================================
2026-01-11 02:31:22 - house - INFO - 爬蟲運行統計:
2026-01-11 02:31:22 - house - INFO -   - 項目保存: 500
2026-01-11 02:31:22 - house - INFO -   - 錯誤數量: 0
2026-01-11 02:31:22 - house - INFO -   - 運行時間: 280.16 秒
2026-01-11 02:31:22 - house - INFO - ============================================================
2026-01-11 02:32:14 - house - INFO - ============================================================
2026-01-11 02:32:14 - house - INFO - 開始運行 house 爬蟲 (API 版)
2026-01-11 02:32:14 - house - INFO -   - 獲取詳情: 是
2026-01-11 02:32:14 - house - INFO - ============================================================
2026-01-11 02:32:14 - house - INFO - 正在獲取買賣房屋...
2026-01-11 02:32:45 - house - INFO - 頁面 1: 獲取 50 個房屋
2026-01-11 02:33:13 - house - INFO - 頁面 2: 獲取 50 個房屋
2026-01-11 02:33:14 - house - INFO - 正在獲取出租房屋...
2026-01-11 02:33:41 - house - INFO - 頁面 1: 獲取 50 個房屋
2026-01-11 02:34:09 - house - INFO - 頁面 2: 獲取 50 個房屋
2026-01-11 02:34:10 - house - INFO - ============================================================
2026-01-11 02:34:10 - house - INFO - 爬蟲運行統計:
2026-01-11 02:34:10 - house - INFO -   - 項目保存: 200
2026-01-11 02:34:10 - house - INFO -   - 錯誤數量: 0
2026-01-11 02:34:10 - house - INFO -   - 運行時間: 115.52 秒
2026-01-11 02:34:10 - house - INFO - ============================================================
2026-01-11 02:34:48 - house - INFO - ============================================================
2026-01-11 02:34:48 - house - INFO - 開始運行 house 爬蟲 (API 版)
2026-01-11 02:34:48 - house - INFO -   - 獲取詳情: 否
2026-01-11 02:34:48 - house - INFO - ============================================================
2026-01-11 02:34:48 - house - INFO - 正在獲取買賣房屋...
2026-01-11 02:34:49 - house - INFO - 頁面 1: 獲取 50 個房屋
2026-01-11 02:34:51 - house - INFO - 頁面 2: 獲取 50 個房屋
2026-01-11 02:34:52 - house - INFO - 正在獲取出租房屋...
2026-01-11 02:34:53 - house - INFO - 頁面 1: 獲取 50 個房屋
2026-01-11 02:34:54 - house - INFO - 頁面 2: 獲取 50 個房屋
2026-01-11 02:34:55 - house - INFO - ============================================================
2026-01-11 02:34:55 - house - INFO - 爬蟲運行統計:
2026-01-11 02:34:55 - house - INFO -   - 項目保存: 200
2026-01-11 02:34:55 - house - INFO -   - 錯誤數量: 0
2026-01-11 02:34:55 - house - INFO -   - 運行時間: 6.80 秒
2026-01-11 02:34:55 - house - INFO - ============================================================
2026-01-11 02:47:11 - house - INFO - ============================================================
2026-01-11 02:47:11 - house - INFO - 開始運行 house 爬蟲 (API 版)
2026-01-11 02:47:11 - house - INFO -   - 獲取詳情: 是
2026-01-11 02:47:11 - house - INFO - ============================================================
2026-01-11 02:47:11 - house - INFO - 正在獲取買賣房屋...
2026-01-11 02:47:42 - house - INFO - 頁面 1: 獲取 50 個房屋
2026-01-11 02:48:10 - house - INFO - 頁面 2: 獲取 50 個房屋
2026-01-11 02:48:38 - house - INFO - 頁面 3: 獲取 50 個房屋
2026-01-11 02:49:07 - house - INFO - 頁面 4: 獲取 50 個房屋
2026-01-11 02:49:36 - house - INFO - 頁面 5: 獲取 50 個房屋
2026-01-11 02:49:37 - house - INFO - 正在獲取出租房屋...
2026-01-11 02:50:05 - house - INFO - 頁面 1: 獲取 50 個房屋
2026-01-11 02:50:35 - house - INFO - 頁面 2: 獲取 50 個房屋
2026-01-11 02:51:05 - house - INFO - 頁面 3: 獲取 50 個房屋
2026-01-11 02:51:34 - house - INFO - 頁面 4: 獲取 50 個房屋
2026-01-11 02:52:03 - house - INFO - 頁面 5: 獲取 50 個房屋
2026-01-11 02:52:03 - house - INFO - ============================================================
2026-01-11 02:52:03 - house - INFO - 爬蟲運行統計:
2026-01-11 02:52:03 - house - INFO -   - 項目保存: 500
2026-01-11 02:52:03 - house - INFO -   - 錯誤數量: 0
2026-01-11 02:52:03 - house - INFO -   - 運行時間: 292.69 秒
2026-01-11 02:52:03 - house - INFO - ============================================================
2026-01-11 02:53:36 - house - INFO - ============================================================
2026-01-11 02:53:36 - house - INFO - 開始運行 house 爬蟲 (API 版)
2026-01-11 02:53:36 - house - INFO -   - 獲取詳情: 是
2026-01-11 02:53:36 - house - INFO - ============================================================
2026-01-11 02:53:36 - house - INFO - 正在獲取買賣房屋...
2026-01-11 02:54:04 - house - INFO - 頁面 1: 獲取 50 個房屋
2026-01-11 02:54:32 - house - INFO - 頁面 2: 獲取 50 個房屋
2026-01-11 02:54:33 - house - INFO - 正在獲取出租房屋...
2026-01-11 02:55:00 - house - INFO - 頁面 1: 獲取 50 個房屋
2026-01-11 02:55:29 - house - INFO - 頁面 2: 獲取 50 個房屋
2026-01-11 02:55:29 - house - INFO - ============================================================
2026-01-11 02:55:29 - house - INFO - 爬蟲運行統計:
2026-01-11 02:55:29 - house - INFO -   - 項目保存: 200
2026-01-11 02:55:29 - house - INFO -   - 錯誤數量: 0
2026-01-11 02:55:29 - house - INFO -   - 運行時間: 113.42 秒
2026-01-11 02:55:29 - house - INFO - ============================================================
2026-01-11 03:14:42 - market - INFO - 開始爬取分類: all
2026-01-11 03:14:42 - market - INFO - 爬取頁面: https://www.51.ca/market/all?page=1
2026-01-11 03:14:43 - market - INFO - 頁 1: 找到 34 個集市商品
2026-01-11 03:14:43 - market - DEBUG - 保存商品: 漫步者mr4音響帶支架...
2026-01-11 03:14:43 - market - DEBUG - 保存商品: 聯立a3機箱...
2026-01-11 03:14:43 - market - DEBUG - 保存商品: 免費轉讓佛像，香，香爐...
2026-01-11 03:14:43 - market - DEBUG - 保存商品: 戴爾 Latitude 7490 觸控屏...
2026-01-11 03:14:43 - market - DEBUG - 保存商品: 蘋果 iMac 27寸5K屏...
2026-01-11 03:14:43 - market - DEBUG - 保存商品: ThinkPad X1 Yoga5 i7 8GB 512GB...
2026-01-11 03:14:43 - market - DEBUG - 保存商品: 啞鈴...
2026-01-11 03:14:43 - market - DEBUG - 保存商品: Odyssey White Hot XG Marxman M...
2026-01-11 03:14:43 - market - DEBUG - 保存商品: 米其林雪胎帶鋼圈...
2026-01-11 03:14:43 - market - DEBUG - 保存商品: 寬頻500M，無須合約消費，免費安裝...
2026-01-11 03:14:43 - market - DEBUG - 保存商品: 真皮沙發-經典款...
2026-01-11 03:14:43 - market - DEBUG - 保存商品: 黑色真皮長沙發...
2026-01-11 03:14:43 - market - DEBUG - 保存商品: 紅雙喜...
2026-01-11 03:14:43 - market - DEBUG - 保存商品: 沙發...
2026-01-11 03:14:43 - market - DEBUG - 保存商品: 羽絨服...
2026-01-11 03:14:43 - market - DEBUG - 保存商品: HAVIT全新立體聲耳機$19(was$29)...
2026-01-11 03:14:43 - market - DEBUG - 保存商品: 全新電動腳踏車轉讓...
2026-01-11 03:14:43 - market - DEBUG - 保存商品: 行動式燃氣灶 Portable gas stove...
2026-01-11 03:14:43 - market - DEBUG - 保存商品: 各類音響線(18AWG-10AWG) $15 起...
2026-01-11 03:14:43 - market - DEBUG - 保存商品: 小冰箱...
2026-01-11 03:14:43 - market - DEBUG - 保存商品: 百隆靈雲展上翻門支撐傢俱五金家用配件支撐架氣撐液壓桿氣壓桿...
2026-01-11 03:14:43 - market - DEBUG - 保存商品: 電視機支架...
2026-01-11 03:14:43 - market - DEBUG - 保存商品: 二手King 床墊...
2026-01-11 03:14:43 - market - DEBUG - 保存商品: 茶几...
2026-01-11 03:14:43 - market - DEBUG - 保存商品: 實木高椅子...
2026-01-11 03:14:43 - market - DEBUG - 保存商品: 摺疊沙發床...
2026-01-11 03:14:43 - market - DEBUG - 保存商品: 車雪胎一套四個...
2026-01-11 03:14:43 - market - DEBUG - 保存商品: 古董鋼琴...
2026-01-11 03:14:43 - market - DEBUG - 保存商品: 古董壺...
2026-01-11 03:14:43 - market - DEBUG - 保存商品: HP Toner Cartridge-CF217A...
2026-01-11 03:14:43 - market - DEBUG - 保存商品: 狗狗籠子, 很新很結實，92*58*62釐米...
2026-01-11 03:14:43 - market - DEBUG - 保存商品: 二手奶茶果糖機...
2026-01-11 03:14:43 - market - DEBUG - 保存商品: 加拿大鵝Chateau fusion fit Graphit...
2026-01-11 03:14:43 - market - DEBUG - 保存商品: StarSense Explorer LT 114AZ望遠鏡...
2026-01-11 03:14:43 - market - INFO - 爬取頁面: https://www.51.ca/market/all?page=2
2026-01-11 03:14:44 - market - INFO - 頁 2: 找到 34 個集市商品
2026-01-11 03:14:44 - market - DEBUG - 保存商品: 漫步者mr4音響帶支架...
2026-01-11 03:14:44 - market - DEBUG - 保存商品: 聯立a3機箱...
2026-01-11 03:14:44 - market - DEBUG - 保存商品: 免費轉讓佛像，香，香爐...
2026-01-11 03:14:44 - market - DEBUG - 保存商品: 戴爾 Latitude 7490 觸控屏...
2026-01-11 03:14:44 - market - DEBUG - 保存商品: 蘋果 iMac 27寸5K屏...
2026-01-11 03:14:44 - market - DEBUG - 保存商品: ThinkPad X1 Yoga5 i7 8GB 512GB...
2026-01-11 03:14:44 - market - DEBUG - 保存商品: 啞鈴...
2026-01-11 03:14:44 - market - DEBUG - 保存商品: Odyssey White Hot XG Marxman M...
2026-01-11 03:14:44 - market - DEBUG - 保存商品: 米其林雪胎帶鋼圈...
2026-01-11 03:14:44 - market - DEBUG - 保存商品: 寬頻500M，無須合約消費，免費安裝...
2026-01-11 03:14:44 - market - DEBUG - 保存商品: 真皮沙發-經典款...
2026-01-11 03:14:44 - market - DEBUG - 保存商品: 黑色真皮長沙發...
2026-01-11 03:14:44 - market - DEBUG - 保存商品: 紅雙喜...
2026-01-11 03:14:44 - market - DEBUG - 保存商品: 沙發...
2026-01-11 03:14:44 - market - DEBUG - 保存商品: 羽絨服...
2026-01-11 03:14:44 - market - DEBUG - 保存商品: HAVIT全新立體聲耳機$19(was$29)...
2026-01-11 03:14:44 - market - DEBUG - 保存商品: 全新電動腳踏車轉讓...
2026-01-11 03:14:44 - market - DEBUG - 保存商品: 行動式燃氣灶 Portable gas stove...
2026-01-11 03:14:44 - market - DEBUG - 保存商品: 各類音響線(18AWG-10AWG) $15 起...
2026-01-11 03:14:44 - market - DEBUG - 保存商品: 小冰箱...
2026-01-11 03:14:44 - market - DEBUG - 保存商品: 百隆靈雲展上翻門支撐傢俱五金家用配件支撐架氣撐液壓桿氣壓桿...
2026-01-11 03:14:44 - market - DEBUG - 保存商品: 電視機支架...
2026-01-11 03:14:44 - market - DEBUG - 保存商品: 二手King 床墊...
2026-01-11 03:14:44 - market - DEBUG - 保存商品: 茶几...
2026-01-11 03:14:44 - market - DEBUG - 保存商品: 實木高椅子...
2026-01-11 03:14:44 - market - DEBUG - 保存商品: 摺疊沙發床...
2026-01-11 03:14:44 - market - DEBUG - 保存商品: 車雪胎一套四個...
2026-01-11 03:14:44 - market - DEBUG - 保存商品: 古董鋼琴...
2026-01-11 03:14:44 - market - DEBUG - 保存商品: 古董壺...
2026-01-11 03:14:44 - market - DEBUG - 保存商品: HP Toner Cartridge-CF217A...
2026-01-11 03:14:44 - market - DEBUG - 保存商品: 狗狗籠子, 很新很結實，92*58*62釐米...
2026-01-11 03:14:44 - market - DEBUG - 保存商品: 二手奶茶果糖機...
2026-01-11 03:14:44 - market - DEBUG - 保存商品: 加拿大鵝Chateau fusion fit Graphit...
2026-01-11 03:14:44 - market - DEBUG - 保存商品: StarSense Explorer LT 114AZ望遠鏡...
2026-01-11 03:14:45 - market - INFO - 爬取完成: 保存 68, 錯誤 0
2026-01-11 03:14:50 - market - INFO - 開始爬取分類: all
2026-01-11 03:14:50 - market - INFO - 爬取頁面: https://www.51.ca/market/all?page=1
2026-01-11 03:14:51 - market - INFO - 頁 1: 找到 34 個集市商品
2026-01-11 03:14:51 - market - INFO - 獲取 buildId: xKpWRlbD9otyW4XsOSXBt
2026-01-11 03:14:51 - market - DEBUG - 保存商品: 漫步者mr4音響帶支架...
2026-01-11 03:14:52 - market - DEBUG - 保存商品: 聯立a3機箱...
2026-01-11 03:14:52 - market - DEBUG - 保存商品: 免費轉讓佛像，香，香爐...
2026-01-11 03:14:53 - market - DEBUG - 保存商品: 戴爾 Latitude 7490 觸控屏...
2026-01-11 03:14:53 - market - DEBUG - 保存商品: 蘋果 iMac 27寸5K屏...
2026-01-11 03:14:53 - market - DEBUG - 保存商品: ThinkPad X1 Yoga5 i7 8GB 512GB...
2026-01-11 03:14:54 - market - DEBUG - 保存商品: 啞鈴...
2026-01-11 03:14:54 - market - DEBUG - 保存商品: Odyssey White Hot XG Marxman M...
2026-01-11 03:14:55 - market - DEBUG - 保存商品: 米其林雪胎帶鋼圈...
2026-01-11 03:14:55 - market - DEBUG - 保存商品: 寬頻500M，無須合約消費，免費安裝...
2026-01-11 03:14:55 - market - DEBUG - 保存商品: 真皮沙發-經典款...
2026-01-11 03:14:56 - market - DEBUG - 保存商品: 黑色真皮長沙發...
2026-01-11 03:14:56 - market - DEBUG - 保存商品: 紅雙喜...
2026-01-11 03:14:57 - market - DEBUG - 保存商品: 沙發...
2026-01-11 03:14:57 - market - DEBUG - 保存商品: 羽絨服...
2026-01-11 03:14:57 - market - DEBUG - 保存商品: HAVIT全新立體聲耳機$19(was$29)...
2026-01-11 03:14:58 - market - DEBUG - 保存商品: 全新電動腳踏車轉讓...
2026-01-11 03:14:58 - market - DEBUG - 保存商品: 行動式燃氣灶 Portable gas stove...
2026-01-11 03:14:59 - market - DEBUG - 保存商品: 各類音響線(18AWG-10AWG) $15 起...
2026-01-11 03:14:59 - market - DEBUG - 保存商品: 小冰箱...
2026-01-11 03:15:00 - market - DEBUG - 保存商品: 百隆靈雲展上翻門支撐傢俱五金家用配件支撐架氣撐液壓桿氣壓桿...
2026-01-11 03:15:00 - market - DEBUG - 保存商品: 電視機支架...
2026-01-11 03:15:00 - market - DEBUG - 保存商品: 二手King 床墊...
2026-01-11 03:15:01 - market - DEBUG - 保存商品: 茶几...
2026-01-11 03:15:01 - market - DEBUG - 保存商品: 實木高椅子...
2026-01-11 03:15:02 - market - DEBUG - 保存商品: 摺疊沙發床...
2026-01-11 03:15:02 - market - DEBUG - 保存商品: 車雪胎一套四個...
2026-01-11 03:15:02 - market - DEBUG - 保存商品: 古董鋼琴...
2026-01-11 03:15:03 - market - DEBUG - 保存商品: 古董壺...
2026-01-11 03:15:03 - market - DEBUG - 保存商品: HP Toner Cartridge-CF217A...
2026-01-11 03:15:04 - market - DEBUG - 保存商品: 狗狗籠子, 很新很結實，92*58*62釐米...
2026-01-11 03:15:04 - market - DEBUG - 保存商品: 二手奶茶果糖機...
2026-01-11 03:15:05 - market - DEBUG - 保存商品: 加拿大鵝Chateau fusion fit Graphit...
2026-01-11 03:15:05 - market - DEBUG - 保存商品: StarSense Explorer LT 114AZ望遠鏡...
2026-01-11 03:15:05 - market - INFO - 爬取完成: 保存 34, 錯誤 0
2026-01-11 03:15:44 - market - INFO - 開始爬取分類: all
2026-01-11 03:15:44 - market - INFO - 爬取頁面: https://www.51.ca/market/all?page=1
2026-01-11 03:15:44 - market - INFO - 頁 1: 找到 34 個集市商品
2026-01-11 03:15:45 - market - INFO - 獲取 buildId: xKpWRlbD9otyW4XsOSXBt
2026-01-11 03:15:45 - market - DEBUG - 保存商品: 漫步者mr4音響帶支架...
2026-01-11 03:15:46 - market - DEBUG - 保存商品: 聯立a3機箱...
2026-01-11 03:15:46 - market - DEBUG - 保存商品: 免費轉讓佛像，香，香爐...
2026-01-11 03:15:46 - market - DEBUG - 保存商品: 戴爾 Latitude 7490 觸控屏...
2026-01-11 03:15:47 - market - DEBUG - 保存商品: 蘋果 iMac 27寸5K屏...
2026-01-11 03:15:47 - market - DEBUG - 保存商品: ThinkPad X1 Yoga5 i7 8GB 512GB...
2026-01-11 03:15:48 - market - DEBUG - 保存商品: 啞鈴...
2026-01-11 03:15:48 - market - DEBUG - 保存商品: Odyssey White Hot XG Marxman M...
2026-01-11 03:15:48 - market - DEBUG - 保存商品: 米其林雪胎帶鋼圈...
2026-01-11 03:15:49 - market - DEBUG - 保存商品: 寬頻500M，無須合約消費，免費安裝...
2026-01-11 03:15:49 - market - DEBUG - 保存商品: 真皮沙發-經典款...
2026-01-11 03:15:50 - market - DEBUG - 保存商品: 黑色真皮長沙發...
2026-01-11 03:15:50 - market - DEBUG - 保存商品: 紅雙喜...
2026-01-11 03:15:50 - market - DEBUG - 保存商品: 沙發...
2026-01-11 03:15:51 - market - DEBUG - 保存商品: 羽絨服...
2026-01-11 03:15:51 - market - DEBUG - 保存商品: HAVIT全新立體聲耳機$19(was$29)...
2026-01-11 03:15:52 - market - DEBUG - 保存商品: 全新電動腳踏車轉讓...
2026-01-11 03:15:52 - market - DEBUG - 保存商品: 行動式燃氣灶 Portable gas stove...
2026-01-11 03:15:52 - market - DEBUG - 保存商品: 各類音響線(18AWG-10AWG) $15 起...
2026-01-11 03:15:53 - market - DEBUG - 保存商品: 小冰箱...
2026-01-11 03:15:53 - market - DEBUG - 保存商品: 百隆靈雲展上翻門支撐傢俱五金家用配件支撐架氣撐液壓桿氣壓桿...
2026-01-11 03:15:53 - market - DEBUG - 保存商品: 電視機支架...
2026-01-11 03:15:54 - market - DEBUG - 保存商品: 二手King 床墊...
2026-01-11 03:15:54 - market - DEBUG - 保存商品: 茶几...
2026-01-11 03:15:55 - market - DEBUG - 保存商品: 實木高椅子...
2026-01-11 03:15:55 - market - DEBUG - 保存商品: 摺疊沙發床...
2026-01-11 03:15:55 - market - DEBUG - 保存商品: 車雪胎一套四個...
2026-01-11 03:15:56 - market - DEBUG - 保存商品: 古董鋼琴...
2026-01-11 03:15:56 - market - DEBUG - 保存商品: 古董壺...
2026-01-11 03:15:57 - market - DEBUG - 保存商品: HP Toner Cartridge-CF217A...
2026-01-11 03:15:57 - market - DEBUG - 保存商品: 狗狗籠子, 很新很結實，92*58*62釐米...
2026-01-11 03:15:57 - market - DEBUG - 保存商品: 二手奶茶果糖機...
2026-01-11 03:15:58 - market - DEBUG - 保存商品: 加拿大鵝Chateau fusion fit Graphit...
2026-01-11 03:15:58 - market - DEBUG - 保存商品: StarSense Explorer LT 114AZ望遠鏡...
2026-01-11 03:15:59 - market - INFO - 爬取頁面: https://www.51.ca/market/all?page=2
2026-01-11 03:15:59 - market - INFO - 頁 2: 找到 34 個集市商品
2026-01-11 03:15:59 - market - DEBUG - 保存商品: 漫步者mr4音響帶支架...
2026-01-11 03:16:00 - market - DEBUG - 保存商品: 聯立a3機箱...
2026-01-11 03:16:00 - market - DEBUG - 保存商品: 免費轉讓佛像，香，香爐...
2026-01-11 03:16:01 - market - DEBUG - 保存商品: 戴爾 Latitude 7490 觸控屏...
2026-01-11 03:16:01 - market - DEBUG - 保存商品: 蘋果 iMac 27寸5K屏...
2026-01-11 03:16:02 - market - DEBUG - 保存商品: ThinkPad X1 Yoga5 i7 8GB 512GB...
2026-01-11 03:16:02 - market - DEBUG - 保存商品: 啞鈴...
2026-01-11 03:16:02 - market - DEBUG - 保存商品: Odyssey White Hot XG Marxman M...
2026-01-11 03:16:03 - market - DEBUG - 保存商品: 米其林雪胎帶鋼圈...
2026-01-11 03:16:03 - market - DEBUG - 保存商品: 寬頻500M，無須合約消費，免費安裝...
2026-01-11 03:16:04 - market - DEBUG - 保存商品: 真皮沙發-經典款...
2026-01-11 03:16:04 - market - DEBUG - 保存商品: 黑色真皮長沙發...
2026-01-11 03:16:04 - market - DEBUG - 保存商品: 紅雙喜...
2026-01-11 03:16:05 - market - DEBUG - 保存商品: 沙發...
2026-01-11 03:16:05 - market - DEBUG - 保存商品: 羽絨服...
2026-01-11 03:16:06 - market - DEBUG - 保存商品: HAVIT全新立體聲耳機$19(was$29)...
2026-01-11 03:16:06 - market - DEBUG - 保存商品: 全新電動腳踏車轉讓...
2026-01-11 03:16:06 - market - DEBUG - 保存商品: 行動式燃氣灶 Portable gas stove...
2026-01-11 03:16:07 - market - DEBUG - 保存商品: 各類音響線(18AWG-10AWG) $15 起...
2026-01-11 03:16:07 - market - DEBUG - 保存商品: 小冰箱...
2026-01-11 03:16:08 - market - DEBUG - 保存商品: 百隆靈雲展上翻門支撐傢俱五金家用配件支撐架氣撐液壓桿氣壓桿...
2026-01-11 03:16:08 - market - DEBUG - 保存商品: 電視機支架...
2026-01-11 03:16:09 - market - DEBUG - 保存商品: 二手King 床墊...
2026-01-11 03:16:09 - market - DEBUG - 保存商品: 茶几...
2026-01-11 03:16:09 - market - DEBUG - 保存商品: 實木高椅子...
2026-01-11 03:16:10 - market - DEBUG - 保存商品: 摺疊沙發床...
2026-01-11 03:16:10 - market - DEBUG - 保存商品: 車雪胎一套四個...
2026-01-11 03:16:11 - market - DEBUG - 保存商品: 古董鋼琴...
2026-01-11 03:16:11 - market - DEBUG - 保存商品: 古董壺...
2026-01-11 03:16:11 - market - DEBUG - 保存商品: HP Toner Cartridge-CF217A...
2026-01-11 03:16:12 - market - DEBUG - 保存商品: 狗狗籠子, 很新很結實，92*58*62釐米...
2026-01-11 03:16:12 - market - DEBUG - 保存商品: 二手奶茶果糖機...
2026-01-11 03:16:13 - market - DEBUG - 保存商品: 加拿大鵝Chateau fusion fit Graphit...
2026-01-11 03:16:13 - market - DEBUG - 保存商品: StarSense Explorer LT 114AZ望遠鏡...
2026-01-11 03:16:13 - market - INFO - 爬取完成: 保存 68, 錯誤 0
2026-01-11 03:16:40 - market - INFO - 獲取 buildId: xKpWRlbD9otyW4XsOSXBt
